The system is: Windows - 10.0.17763 - AMD64
Compiling the C compiler identification source file "CMakeCCompilerId.c" succeeded.
Compiler: D:/MachineLearning/Toolbox/VS2019/run/VC/Tools/MSVC/14.29.30133/bin/Hostx64/x64/cl.exe 
Build flags: 
Id flags: -c 

The output was:
0
用于 x64 的 Microsoft (R) C/C++ 优化编译器 19.29.30139 版
版权所有(C) Microsoft Corporation。保留所有权利。

CMakeCCompilerId.c


Compilation of the C compiler identification source "CMakeCCompilerId.c" produced "CMakeCCompilerId.obj"

The C compiler identification is MSVC, found in "D:/MachineLearning/XCode/XCode/out/build/windows-default/CMakeFiles/3.20.21032501-MSVC_2/CompilerIdC/CMakeCCompilerId.obj"

Compiling the CXX compiler identification source file "CMakeCXXCompilerId.cpp" succeeded.
Compiler: D:/MachineLearning/Toolbox/VS2019/run/VC/Tools/MSVC/14.29.30133/bin/Hostx64/x64/cl.exe 
Build flags: 
Id flags: -c 

The output was:
0
用于 x64 的 Microsoft (R) C/C++ 优化编译器 19.29.30139 版
版权所有(C) Microsoft Corporation。保留所有权利。

CMakeCXXCompilerId.cpp


Compilation of the CXX compiler identification source "CMakeCXXCompilerId.cpp" produced "CMakeCXXCompilerId.obj"

The CXX compiler identification is MSVC, found in "D:/MachineLearning/XCode/XCode/out/build/windows-default/CMakeFiles/3.20.21032501-MSVC_2/CompilerIdCXX/CMakeCXXCompilerId.obj"

Compiling the C compiler identification source file "CMakeCCompilerId.c" succeeded.
Compiler: D:/MachineLearning/Toolbox/VS2019/run/VC/Tools/MSVC/14.29.30133/bin/Hostx64/x64/cl.exe 
Build flags: /DWIN32;/D_WINDOWS;/W3
Id flags: -c 

The output was:
0
用于 x64 的 Microsoft (R) C/C++ 优化编译器 19.29.30139 版
版权所有(C) Microsoft Corporation。保留所有权利。

CMakeCCompilerId.c


Compilation of the C compiler identification source "CMakeCCompilerId.c" produced "CMakeCCompilerId.obj"

The C compiler identification is MSVC, found in "D:/MachineLearning/XCode/XCode/out/build/windows-default/CMakeFiles/3.20.21032501-MSVC_2/CompilerIdC/CMakeCCompilerId.obj"

Compiling the CXX compiler identification source file "CMakeCXXCompilerId.cpp" succeeded.
Compiler: D:/MachineLearning/Toolbox/VS2019/run/VC/Tools/MSVC/14.29.30133/bin/Hostx64/x64/cl.exe 
Build flags: 
Id flags: -c 

The output was:
0
用于 x64 的 Microsoft (R) C/C++ 优化编译器 19.29.30139 版
版权所有(C) Microsoft Corporation。保留所有权利。

CMakeCXXCompilerId.cpp


Compilation of the CXX compiler identification source "CMakeCXXCompilerId.cpp" produced "CMakeCXXCompilerId.obj"

The CXX compiler identification is MSVC, found in "D:/MachineLearning/XCode/XCode/out/build/windows-default/CMakeFiles/3.20.21032501-MSVC_2/CompilerIdCXX/CMakeCXXCompilerId.obj"

Compiling the C compiler identification source file "CMakeCCompilerId.c" succeeded.
Compiler: D:/MachineLearning/Toolbox/VS2019/run/VC/Tools/MSVC/14.29.30133/bin/Hostx64/x64/cl.exe 
Build flags: /DWIN32;/D_WINDOWS;/W3
Id flags: -c 

The output was:
0
用于 x64 的 Microsoft (R) C/C++ 优化编译器 19.29.30139 版
版权所有(C) Microsoft Corporation。保留所有权利。

CMakeCCompilerId.c


Compilation of the C compiler identification source "CMakeCCompilerId.c" produced "CMakeCCompilerId.obj"

The C compiler identification is MSVC, found in "D:/MachineLearning/XCode/XCode/out/build/windows-default/CMakeFiles/3.20.21032501-MSVC_2/CompilerIdC/CMakeCCompilerId.obj"

Compiling the CXX compiler identification source file "CMakeCXXCompilerId.cpp" succeeded.
Compiler: D:/MachineLearning/Toolbox/VS2019/run/VC/Tools/MSVC/14.29.30133/bin/Hostx64/x64/cl.exe 
Build flags: 
Id flags: -c 

The output was:
0
用于 x64 的 Microsoft (R) C/C++ 优化编译器 19.29.30139 版
版权所有(C) Microsoft Corporation。保留所有权利。

CMakeCXXCompilerId.cpp


Compilation of the CXX compiler identification source "CMakeCXXCompilerId.cpp" produced "CMakeCXXCompilerId.obj"

The CXX compiler identification is MSVC, found in "D:/MachineLearning/XCode/XCode/out/build/windows-default/CMakeFiles/3.20.21032501-MSVC_2/CompilerIdCXX/CMakeCXXCompilerId.obj"

Compiling the C compiler identification source file "CMakeCCompilerId.c" succeeded.
Compiler: D:/MachineLearning/Toolbox/VS2019/run/VC/Tools/MSVC/14.29.30133/bin/Hostx64/x64/cl.exe 
Build flags: /DWIN32;/D_WINDOWS;/W3
Id flags: -c 

The output was:
0
用于 x64 的 Microsoft (R) C/C++ 优化编译器 19.29.30139 版
版权所有(C) Microsoft Corporation。保留所有权利。

CMakeCCompilerId.c


Compilation of the C compiler identification source "CMakeCCompilerId.c" produced "CMakeCCompilerId.obj"

The C compiler identification is MSVC, found in "D:/MachineLearning/XCode/XCode/out/build/windows-default/CMakeFiles/3.20.21032501-MSVC_2/CompilerIdC/CMakeCCompilerId.obj"

Compiling the CXX compiler identification source file "CMakeCXXCompilerId.cpp" succeeded.
Compiler: D:/MachineLearning/Toolbox/VS2019/run/VC/Tools/MSVC/14.29.30133/bin/Hostx64/x64/cl.exe 
Build flags: 
Id flags: -c 

The output was:
0
用于 x64 的 Microsoft (R) C/C++ 优化编译器 19.29.30139 版
版权所有(C) Microsoft Corporation。保留所有权利。

CMakeCXXCompilerId.cpp


Compilation of the CXX compiler identification source "CMakeCXXCompilerId.cpp" produced "CMakeCXXCompilerId.obj"

The CXX compiler identification is MSVC, found in "D:/MachineLearning/XCode/XCode/out/build/windows-default/CMakeFiles/3.20.21032501-MSVC_2/CompilerIdCXX/CMakeCXXCompilerId.obj"

Compiling the C compiler identification source file "CMakeCCompilerId.c" succeeded.
Compiler: D:/MachineLearning/Toolbox/VS2019/run/VC/Tools/MSVC/14.29.30133/bin/Hostx64/x64/cl.exe 
Build flags: /DWIN32;/D_WINDOWS;/W3
Id flags:  

The output was:
0
用于 x64 的 Microsoft (R) C/C++ 优化编译器 19.29.30139 版
版权所有(C) Microsoft Corporation。保留所有权利。

CMakeCCompilerId.c
Microsoft (R) Incremental Linker Version 14.29.30139.0
Copyright (C) Microsoft Corporation.  All rights reserved.

/out:CMakeCCompilerId.exe 
CMakeCCompilerId.obj 


Compilation of the C compiler identification source "CMakeCCompilerId.c" produced "CMakeCCompilerId.exe"

Compilation of the C compiler identification source "CMakeCCompilerId.c" produced "CMakeCCompilerId.obj"

The C compiler identification is MSVC, found in "D:/MachineLearning/XCode/XCode/out/build/windows-default/CMakeFiles/3.20.21032501-MSVC_2/CompilerIdC/CMakeCCompilerId.exe"

Compiling the CXX compiler identification source file "CMakeCXXCompilerId.cpp" succeeded.
Compiler: D:/MachineLearning/Toolbox/VS2019/run/VC/Tools/MSVC/14.29.30133/bin/Hostx64/x64/cl.exe 
Build flags: 
Id flags:  

The output was:
0
用于 x64 的 Microsoft (R) C/C++ 优化编译器 19.29.30139 版
版权所有(C) Microsoft Corporation。保留所有权利。

CMakeCXXCompilerId.cpp
Microsoft (R) Incremental Linker Version 14.29.30139.0
Copyright (C) Microsoft Corporation.  All rights reserved.

/out:CMakeCXXCompilerId.exe 
CMakeCXXCompilerId.obj 


Compilation of the CXX compiler identification source "CMakeCXXCompilerId.cpp" produced "CMakeCXXCompilerId.exe"

Compilation of the CXX compiler identification source "CMakeCXXCompilerId.cpp" produced "CMakeCXXCompilerId.obj"

The CXX compiler identification is MSVC, found in "D:/MachineLearning/XCode/XCode/out/build/windows-default/CMakeFiles/3.20.21032501-MSVC_2/CompilerIdCXX/CMakeCXXCompilerId.exe"

Detecting C compiler ABI info compiled with the following output:
Change Dir: D:/MachineLearning/XCode/XCode/out/build/windows-default/CMakeFiles/CMakeTmp

Run Build Command(s):D:\MACHINELEARNING\TOOLBOX\VS2019\RUN\COMMON7\IDE\COMMONEXTENSIONS\MICROSOFT\CMAKE\Ninja\ninja.exe cmTC_337b9 && [1/2] Building C object CMakeFiles\cmTC_337b9.dir\CMakeCCompilerABI.c.obj
[2/2] Linking C executable cmTC_337b9.exe



Detecting CXX compiler ABI info compiled with the following output:
Change Dir: D:/MachineLearning/XCode/XCode/out/build/windows-default/CMakeFiles/CMakeTmp

Run Build Command(s):D:\MACHINELEARNING\TOOLBOX\VS2019\RUN\COMMON7\IDE\COMMONEXTENSIONS\MICROSOFT\CMAKE\Ninja\ninja.exe cmTC_fc66a && [1/2] Building CXX object CMakeFiles\cmTC_fc66a.dir\CMakeCXXCompilerABI.cpp.obj
[2/2] Linking CXX executable cmTC_fc66a.exe



